
*** Running vivado
    with args -log top.vds -m64 -product Vivado -mode batch -messageDb vivado.pb -notrace -source top.tcl


****** Vivado v2019.1 (64-bit)
  **** SW Build 2552052 on Fri May 24 14:49:42 MDT 2019
  **** IP Build 2548770 on Fri May 24 18:01:18 MDT 2019
    ** Copyright 1986-2019 Xilinx, Inc. All Rights Reserved.

source top.tcl -notrace
Command: synth_design -top top -part xcu250-figd2104-2L-e
Starting synth_design
Attempting to get a license for feature 'Synthesis' and/or device 'xcu250'
INFO: [Common 17-349] Got license for feature 'Synthesis' and/or device 'xcu250'
INFO: Launching helper process for spawning children vivado processes
INFO: Helper process launched with PID 15688 
---------------------------------------------------------------------------------
Starting Synthesize : Time (s): cpu = 00:00:02 ; elapsed = 00:00:01 . Memory (MB): peak = 564.766 ; gain = 185.762
---------------------------------------------------------------------------------
INFO: [Synth 8-6157] synthesizing module 'top' [D:/UCLA_Master/ECE_189/OoO_RISC_V_CPU_DESIGN/OoO_RISC_V_CPU_DESIGN.srcs/sources_1/new/top.sv:1]
INFO: [Synth 8-6157] synthesizing module 'pip_if' [D:/UCLA_Master/ECE_189/OoO_RISC_V_CPU_DESIGN/OoO_RISC_V_CPU_DESIGN.srcs/sources_1/new/pip_if.sv:1]
INFO: [Synth 8-6155] done synthesizing module 'pip_if' (0#1) [D:/UCLA_Master/ECE_189/OoO_RISC_V_CPU_DESIGN/OoO_RISC_V_CPU_DESIGN.srcs/sources_1/new/pip_if.sv:1]
INFO: [Synth 8-6157] synthesizing module 'pip_if' [D:/UCLA_Master/ECE_189/OoO_RISC_V_CPU_DESIGN/OoO_RISC_V_CPU_DESIGN.srcs/sources_1/new/pip_if.sv:1]
INFO: [Synth 8-6155] done synthesizing module 'pip_if' (0#1) [D:/UCLA_Master/ECE_189/OoO_RISC_V_CPU_DESIGN/OoO_RISC_V_CPU_DESIGN.srcs/sources_1/new/pip_if.sv:1]
INFO: [Synth 8-6157] synthesizing module 'pip_if' [D:/UCLA_Master/ECE_189/OoO_RISC_V_CPU_DESIGN/OoO_RISC_V_CPU_DESIGN.srcs/sources_1/new/pip_if.sv:1]
INFO: [Synth 8-6155] done synthesizing module 'pip_if' (0#1) [D:/UCLA_Master/ECE_189/OoO_RISC_V_CPU_DESIGN/OoO_RISC_V_CPU_DESIGN.srcs/sources_1/new/pip_if.sv:1]
INFO: [Synth 8-6157] synthesizing module 'pip_if' [D:/UCLA_Master/ECE_189/OoO_RISC_V_CPU_DESIGN/OoO_RISC_V_CPU_DESIGN.srcs/sources_1/new/pip_if.sv:1]
INFO: [Synth 8-6155] done synthesizing module 'pip_if' (0#1) [D:/UCLA_Master/ECE_189/OoO_RISC_V_CPU_DESIGN/OoO_RISC_V_CPU_DESIGN.srcs/sources_1/new/pip_if.sv:1]
INFO: [Synth 8-6157] synthesizing module 'pip_if' [D:/UCLA_Master/ECE_189/OoO_RISC_V_CPU_DESIGN/OoO_RISC_V_CPU_DESIGN.srcs/sources_1/new/pip_if.sv:1]
INFO: [Synth 8-6155] done synthesizing module 'pip_if' (0#1) [D:/UCLA_Master/ECE_189/OoO_RISC_V_CPU_DESIGN/OoO_RISC_V_CPU_DESIGN.srcs/sources_1/new/pip_if.sv:1]
INFO: [Synth 8-6157] synthesizing module 'pip_if' [D:/UCLA_Master/ECE_189/OoO_RISC_V_CPU_DESIGN/OoO_RISC_V_CPU_DESIGN.srcs/sources_1/new/pip_if.sv:1]
INFO: [Synth 8-6155] done synthesizing module 'pip_if' (0#1) [D:/UCLA_Master/ECE_189/OoO_RISC_V_CPU_DESIGN/OoO_RISC_V_CPU_DESIGN.srcs/sources_1/new/pip_if.sv:1]
INFO: [Synth 8-6157] synthesizing module 'pip_if' [D:/UCLA_Master/ECE_189/OoO_RISC_V_CPU_DESIGN/OoO_RISC_V_CPU_DESIGN.srcs/sources_1/new/pip_if.sv:1]
INFO: [Synth 8-6155] done synthesizing module 'pip_if' (0#1) [D:/UCLA_Master/ECE_189/OoO_RISC_V_CPU_DESIGN/OoO_RISC_V_CPU_DESIGN.srcs/sources_1/new/pip_if.sv:1]
INFO: [Synth 8-6157] synthesizing module 'fetch_stage' [D:/UCLA_Master/ECE_189/OoO_RISC_V_CPU_DESIGN/OoO_RISC_V_CPU_DESIGN.srcs/sources_1/new/fetch_stage.sv:1]
	Parameter WIDTH bound to: 32'sb00000000000000000000000000100000 
	Parameter BHT_ENTRIES bound to: 32'sb00000000000000000000000001000000 
	Parameter BHT_W bound to: 32'sb00000000000000000000000000000110 
	Parameter BTB_ENTRIES bound to: 32'sb00000000000000000000000001000000 
	Parameter BTB_W bound to: 32'sb00000000000000000000000000000110 
	Parameter JALR_ENTRIES bound to: 32'sb00000000000000000000000000100000 
	Parameter JALR_W bound to: 32'sb00000000000000000000000000000101 
INFO: [Synth 8-294] found qualifier unique on case statement: implementing as parallel_case [D:/UCLA_Master/ECE_189/OoO_RISC_V_CPU_DESIGN/OoO_RISC_V_CPU_DESIGN.srcs/sources_1/new/fetch_stage.sv:136]
INFO: [Synth 8-226] default block is never used [D:/UCLA_Master/ECE_189/OoO_RISC_V_CPU_DESIGN/OoO_RISC_V_CPU_DESIGN.srcs/sources_1/new/fetch_stage.sv:136]
INFO: [Synth 8-294] found qualifier unique on case statement: implementing as parallel_case [D:/UCLA_Master/ECE_189/OoO_RISC_V_CPU_DESIGN/OoO_RISC_V_CPU_DESIGN.srcs/sources_1/new/fetch_stage.sv:174]
INFO: [Synth 8-6157] synthesizing module 'pc_counter' [D:/UCLA_Master/ECE_189/OoO_RISC_V_CPU_DESIGN/OoO_RISC_V_CPU_DESIGN.srcs/sources_1/new/pc_counter.sv:1]
	Parameter WIDTH bound to: 32'sb00000000000000000000000000100000 
INFO: [Synth 8-6155] done synthesizing module 'pc_counter' (1#1) [D:/UCLA_Master/ECE_189/OoO_RISC_V_CPU_DESIGN/OoO_RISC_V_CPU_DESIGN.srcs/sources_1/new/pc_counter.sv:1]
INFO: [Synth 8-6157] synthesizing module 'icache' [D:/UCLA_Master/ECE_189/OoO_RISC_V_CPU_DESIGN/OoO_RISC_V_CPU_DESIGN.srcs/sources_1/new/icache.sv:1]
	Parameter WIDTH bound to: 32'sb00000000000000000000000000100000 
	Parameter DEPTH_BYTES bound to: 32'sb00000000000000000001000000000000 
	Parameter WORDS bound to: 32'sb00000000000000000000010000000000 
	Parameter WORD_AW bound to: 32'sb00000000000000000000000000001010 
INFO: [Synth 8-5534] Detected attribute (* ram_style = "block" *) [D:/UCLA_Master/ECE_189/OoO_RISC_V_CPU_DESIGN/OoO_RISC_V_CPU_DESIGN.srcs/sources_1/new/icache.sv:20]
INFO: [Synth 8-226] default block is never used [D:/UCLA_Master/ECE_189/OoO_RISC_V_CPU_DESIGN/OoO_RISC_V_CPU_DESIGN.srcs/sources_1/new/icache.sv:36]
INFO: [Synth 8-6155] done synthesizing module 'icache' (2#1) [D:/UCLA_Master/ECE_189/OoO_RISC_V_CPU_DESIGN/OoO_RISC_V_CPU_DESIGN.srcs/sources_1/new/icache.sv:1]
INFO: [Synth 8-6155] done synthesizing module 'fetch_stage' (3#1) [D:/UCLA_Master/ECE_189/OoO_RISC_V_CPU_DESIGN/OoO_RISC_V_CPU_DESIGN.srcs/sources_1/new/fetch_stage.sv:1]
INFO: [Synth 8-6157] synthesizing module 'skid_buffer_pipe' [D:/UCLA_Master/ECE_189/OoO_RISC_V_CPU_DESIGN/OoO_RISC_V_CPU_DESIGN.srcs/sources_1/new/skid_buffer_pipe.sv:1]
INFO: [Synth 8-6155] done synthesizing module 'skid_buffer_pipe' (4#1) [D:/UCLA_Master/ECE_189/OoO_RISC_V_CPU_DESIGN/OoO_RISC_V_CPU_DESIGN.srcs/sources_1/new/skid_buffer_pipe.sv:1]
INFO: [Synth 8-6157] synthesizing module 'decode_stage' [D:/UCLA_Master/ECE_189/OoO_RISC_V_CPU_DESIGN/OoO_RISC_V_CPU_DESIGN.srcs/sources_1/new/decode_stage.sv:1]
	Parameter WIDTH bound to: 32'sb00000000000000000000000000100000 
INFO: [Synth 8-294] found qualifier unique on case statement: implementing as parallel_case [D:/UCLA_Master/ECE_189/OoO_RISC_V_CPU_DESIGN/OoO_RISC_V_CPU_DESIGN.srcs/sources_1/new/decode_stage.sv:44]
INFO: [Synth 8-6157] synthesizing module 'imm_gen' [D:/UCLA_Master/ECE_189/OoO_RISC_V_CPU_DESIGN/OoO_RISC_V_CPU_DESIGN.srcs/sources_1/new/imm_gen.sv:1]
	Parameter WIDTH bound to: 32'sb00000000000000000000000000100000 
INFO: [Synth 8-294] found qualifier unique on case statement: implementing as parallel_case [D:/UCLA_Master/ECE_189/OoO_RISC_V_CPU_DESIGN/OoO_RISC_V_CPU_DESIGN.srcs/sources_1/new/imm_gen.sv:22]
INFO: [Synth 8-6155] done synthesizing module 'imm_gen' (5#1) [D:/UCLA_Master/ECE_189/OoO_RISC_V_CPU_DESIGN/OoO_RISC_V_CPU_DESIGN.srcs/sources_1/new/imm_gen.sv:1]
INFO: [Synth 8-6157] synthesizing module 'decode_controller' [D:/UCLA_Master/ECE_189/OoO_RISC_V_CPU_DESIGN/OoO_RISC_V_CPU_DESIGN.srcs/sources_1/new/decode_controller.sv:1]
INFO: [Synth 8-294] found qualifier unique on case statement: implementing as parallel_case [D:/UCLA_Master/ECE_189/OoO_RISC_V_CPU_DESIGN/OoO_RISC_V_CPU_DESIGN.srcs/sources_1/new/decode_controller.sv:32]
INFO: [Synth 8-294] found qualifier unique on case statement: implementing as parallel_case [D:/UCLA_Master/ECE_189/OoO_RISC_V_CPU_DESIGN/OoO_RISC_V_CPU_DESIGN.srcs/sources_1/new/decode_controller.sv:39]
INFO: [Synth 8-294] found qualifier unique on case statement: implementing as parallel_case [D:/UCLA_Master/ECE_189/OoO_RISC_V_CPU_DESIGN/OoO_RISC_V_CPU_DESIGN.srcs/sources_1/new/decode_controller.sv:53]
INFO: [Synth 8-6155] done synthesizing module 'decode_controller' (6#1) [D:/UCLA_Master/ECE_189/OoO_RISC_V_CPU_DESIGN/OoO_RISC_V_CPU_DESIGN.srcs/sources_1/new/decode_controller.sv:1]
INFO: [Synth 8-6155] done synthesizing module 'decode_stage' (7#1) [D:/UCLA_Master/ECE_189/OoO_RISC_V_CPU_DESIGN/OoO_RISC_V_CPU_DESIGN.srcs/sources_1/new/decode_stage.sv:1]
INFO: [Synth 8-6157] synthesizing module 'skid_buffer_pipe__parameterized0' [D:/UCLA_Master/ECE_189/OoO_RISC_V_CPU_DESIGN/OoO_RISC_V_CPU_DESIGN.srcs/sources_1/new/skid_buffer_pipe.sv:1]
INFO: [Synth 8-6155] done synthesizing module 'skid_buffer_pipe__parameterized0' (7#1) [D:/UCLA_Master/ECE_189/OoO_RISC_V_CPU_DESIGN/OoO_RISC_V_CPU_DESIGN.srcs/sources_1/new/skid_buffer_pipe.sv:1]
INFO: [Synth 8-6157] synthesizing module 'rename_stage' [D:/UCLA_Master/ECE_189/OoO_RISC_V_CPU_DESIGN/OoO_RISC_V_CPU_DESIGN.srcs/sources_1/new/rename_stage.sv:1]
INFO: [Synth 8-6157] synthesizing module 'reg_alias_table' [D:/UCLA_Master/ECE_189/OoO_RISC_V_CPU_DESIGN/OoO_RISC_V_CPU_DESIGN.srcs/sources_1/new/RAT.sv:1]
WARNING: [Synth 8-5856] 3D RAM checkpoints_reg  for this pattern/configuration is not supported. This will most likely be implemented in registers
INFO: [Synth 8-6155] done synthesizing module 'reg_alias_table' (8#1) [D:/UCLA_Master/ECE_189/OoO_RISC_V_CPU_DESIGN/OoO_RISC_V_CPU_DESIGN.srcs/sources_1/new/RAT.sv:1]
INFO: [Synth 8-6157] synthesizing module 'free_pool' [D:/UCLA_Master/ECE_189/OoO_RISC_V_CPU_DESIGN/OoO_RISC_V_CPU_DESIGN.srcs/sources_1/new/free_pool.sv:1]
	Parameter FREE_DEPTH bound to: 32'sb00000000000000000000000001100000 
INFO: [Synth 8-6157] synthesizing module 'priority_decoder' [D:/UCLA_Master/ECE_189/OoO_RISC_V_CPU_DESIGN/OoO_RISC_V_CPU_DESIGN.srcs/sources_1/new/priority_decoder.sv:1]
	Parameter WIDTH bound to: 32'sb00000000000000000000000001100000 
INFO: [Synth 8-6155] done synthesizing module 'priority_decoder' (9#1) [D:/UCLA_Master/ECE_189/OoO_RISC_V_CPU_DESIGN/OoO_RISC_V_CPU_DESIGN.srcs/sources_1/new/priority_decoder.sv:1]
INFO: [Synth 8-6155] done synthesizing module 'free_pool' (10#1) [D:/UCLA_Master/ECE_189/OoO_RISC_V_CPU_DESIGN/OoO_RISC_V_CPU_DESIGN.srcs/sources_1/new/free_pool.sv:1]
WARNING: [Synth 8-6014] Unused sequential element checkpoint_id_q_reg was removed.  [D:/UCLA_Master/ECE_189/OoO_RISC_V_CPU_DESIGN/OoO_RISC_V_CPU_DESIGN.srcs/sources_1/new/rename_stage.sv:126]
WARNING: [Synth 8-3848] Net out_if\.data[rs_entry][datapath][src1_value] in module/entity rename_stage does not have driver. [D:/UCLA_Master/ECE_189/OoO_RISC_V_CPU_DESIGN/OoO_RISC_V_CPU_DESIGN.srcs/sources_1/new/rename_stage.sv:7]
WARNING: [Synth 8-3848] Net out_if\.data[rs_entry][datapath][src2_value] in module/entity rename_stage does not have driver. [D:/UCLA_Master/ECE_189/OoO_RISC_V_CPU_DESIGN/OoO_RISC_V_CPU_DESIGN.srcs/sources_1/new/rename_stage.sv:7]
INFO: [Synth 8-6155] done synthesizing module 'rename_stage' (11#1) [D:/UCLA_Master/ECE_189/OoO_RISC_V_CPU_DESIGN/OoO_RISC_V_CPU_DESIGN.srcs/sources_1/new/rename_stage.sv:1]
INFO: [Synth 8-6157] synthesizing module 'skid_buffer_pipe__parameterized1' [D:/UCLA_Master/ECE_189/OoO_RISC_V_CPU_DESIGN/OoO_RISC_V_CPU_DESIGN.srcs/sources_1/new/skid_buffer_pipe.sv:1]
INFO: [Synth 8-6155] done synthesizing module 'skid_buffer_pipe__parameterized1' (11#1) [D:/UCLA_Master/ECE_189/OoO_RISC_V_CPU_DESIGN/OoO_RISC_V_CPU_DESIGN.srcs/sources_1/new/skid_buffer_pipe.sv:1]
INFO: [Synth 8-6157] synthesizing module 'dispatch_stage' [D:/UCLA_Master/ECE_189/OoO_RISC_V_CPU_DESIGN/OoO_RISC_V_CPU_DESIGN.srcs/sources_1/new/dispatch_stage.sv:1]
INFO: [Synth 8-6157] synthesizing module 'pip_if' [D:/UCLA_Master/ECE_189/OoO_RISC_V_CPU_DESIGN/OoO_RISC_V_CPU_DESIGN.srcs/sources_1/new/pip_if.sv:1]
INFO: [Synth 8-6155] done synthesizing module 'pip_if' (11#1) [D:/UCLA_Master/ECE_189/OoO_RISC_V_CPU_DESIGN/OoO_RISC_V_CPU_DESIGN.srcs/sources_1/new/pip_if.sv:1]
INFO: [Synth 8-6157] synthesizing module 'pip_if' [D:/UCLA_Master/ECE_189/OoO_RISC_V_CPU_DESIGN/OoO_RISC_V_CPU_DESIGN.srcs/sources_1/new/pip_if.sv:1]
INFO: [Synth 8-6155] done synthesizing module 'pip_if' (11#1) [D:/UCLA_Master/ECE_189/OoO_RISC_V_CPU_DESIGN/OoO_RISC_V_CPU_DESIGN.srcs/sources_1/new/pip_if.sv:1]
INFO: [Synth 8-6157] synthesizing module 'pip_if' [D:/UCLA_Master/ECE_189/OoO_RISC_V_CPU_DESIGN/OoO_RISC_V_CPU_DESIGN.srcs/sources_1/new/pip_if.sv:1]
INFO: [Synth 8-6155] done synthesizing module 'pip_if' (11#1) [D:/UCLA_Master/ECE_189/OoO_RISC_V_CPU_DESIGN/OoO_RISC_V_CPU_DESIGN.srcs/sources_1/new/pip_if.sv:1]
INFO: [Synth 8-6157] synthesizing module 'pip_if' [D:/UCLA_Master/ECE_189/OoO_RISC_V_CPU_DESIGN/OoO_RISC_V_CPU_DESIGN.srcs/sources_1/new/pip_if.sv:1]
INFO: [Synth 8-6155] done synthesizing module 'pip_if' (11#1) [D:/UCLA_Master/ECE_189/OoO_RISC_V_CPU_DESIGN/OoO_RISC_V_CPU_DESIGN.srcs/sources_1/new/pip_if.sv:1]
INFO: [Synth 8-6157] synthesizing module 'pip_if' [D:/UCLA_Master/ECE_189/OoO_RISC_V_CPU_DESIGN/OoO_RISC_V_CPU_DESIGN.srcs/sources_1/new/pip_if.sv:1]
INFO: [Synth 8-6155] done synthesizing module 'pip_if' (11#1) [D:/UCLA_Master/ECE_189/OoO_RISC_V_CPU_DESIGN/OoO_RISC_V_CPU_DESIGN.srcs/sources_1/new/pip_if.sv:1]
INFO: [Synth 8-6157] synthesizing module 'pip_if' [D:/UCLA_Master/ECE_189/OoO_RISC_V_CPU_DESIGN/OoO_RISC_V_CPU_DESIGN.srcs/sources_1/new/pip_if.sv:1]
INFO: [Synth 8-6155] done synthesizing module 'pip_if' (11#1) [D:/UCLA_Master/ECE_189/OoO_RISC_V_CPU_DESIGN/OoO_RISC_V_CPU_DESIGN.srcs/sources_1/new/pip_if.sv:1]
INFO: [Synth 8-6157] synthesizing module 'pip_if' [D:/UCLA_Master/ECE_189/OoO_RISC_V_CPU_DESIGN/OoO_RISC_V_CPU_DESIGN.srcs/sources_1/new/pip_if.sv:1]
INFO: [Synth 8-6155] done synthesizing module 'pip_if' (11#1) [D:/UCLA_Master/ECE_189/OoO_RISC_V_CPU_DESIGN/OoO_RISC_V_CPU_DESIGN.srcs/sources_1/new/pip_if.sv:1]
INFO: [Synth 8-6157] synthesizing module 'dispatch_logic' [D:/UCLA_Master/ECE_189/OoO_RISC_V_CPU_DESIGN/OoO_RISC_V_CPU_DESIGN.srcs/sources_1/new/dispatch_logic.sv:1]
INFO: [Synth 8-6155] done synthesizing module 'dispatch_logic' (12#1) [D:/UCLA_Master/ECE_189/OoO_RISC_V_CPU_DESIGN/OoO_RISC_V_CPU_DESIGN.srcs/sources_1/new/dispatch_logic.sv:1]
INFO: [Synth 8-6157] synthesizing module 'rs' [D:/UCLA_Master/ECE_189/OoO_RISC_V_CPU_DESIGN/OoO_RISC_V_CPU_DESIGN.srcs/sources_1/new/rs.sv:1]
	Parameter OPERATION bound to: 2'b01 
INFO: [Synth 8-6157] synthesizing module 'priority_decoder__parameterized0' [D:/UCLA_Master/ECE_189/OoO_RISC_V_CPU_DESIGN/OoO_RISC_V_CPU_DESIGN.srcs/sources_1/new/priority_decoder.sv:1]
	Parameter WIDTH bound to: 32'sb00000000000000000000000000001000 
INFO: [Synth 8-6155] done synthesizing module 'priority_decoder__parameterized0' (12#1) [D:/UCLA_Master/ECE_189/OoO_RISC_V_CPU_DESIGN/OoO_RISC_V_CPU_DESIGN.srcs/sources_1/new/priority_decoder.sv:1]
WARNING: [Synth 8-5858] RAM entries_reg from Abstract Data Type (record/struct) for this pattern/configuration is not supported. This will most likely be implemented in registers
INFO: [Synth 8-6155] done synthesizing module 'rs' (13#1) [D:/UCLA_Master/ECE_189/OoO_RISC_V_CPU_DESIGN/OoO_RISC_V_CPU_DESIGN.srcs/sources_1/new/rs.sv:1]
INFO: [Synth 8-6157] synthesizing module 'rs__parameterized0' [D:/UCLA_Master/ECE_189/OoO_RISC_V_CPU_DESIGN/OoO_RISC_V_CPU_DESIGN.srcs/sources_1/new/rs.sv:1]
	Parameter OPERATION bound to: 2'b10 
WARNING: [Synth 8-5858] RAM entries_reg from Abstract Data Type (record/struct) for this pattern/configuration is not supported. This will most likely be implemented in registers
INFO: [Synth 8-6155] done synthesizing module 'rs__parameterized0' (13#1) [D:/UCLA_Master/ECE_189/OoO_RISC_V_CPU_DESIGN/OoO_RISC_V_CPU_DESIGN.srcs/sources_1/new/rs.sv:1]
INFO: [Synth 8-6157] synthesizing module 'rs__parameterized1' [D:/UCLA_Master/ECE_189/OoO_RISC_V_CPU_DESIGN/OoO_RISC_V_CPU_DESIGN.srcs/sources_1/new/rs.sv:1]
	Parameter OPERATION bound to: 2'b11 
WARNING: [Synth 8-5858] RAM entries_reg from Abstract Data Type (record/struct) for this pattern/configuration is not supported. This will most likely be implemented in registers
INFO: [Synth 8-6155] done synthesizing module 'rs__parameterized1' (13#1) [D:/UCLA_Master/ECE_189/OoO_RISC_V_CPU_DESIGN/OoO_RISC_V_CPU_DESIGN.srcs/sources_1/new/rs.sv:1]
INFO: [Synth 8-6157] synthesizing module 'issue_arbiter' [D:/UCLA_Master/ECE_189/OoO_RISC_V_CPU_DESIGN/OoO_RISC_V_CPU_DESIGN.srcs/sources_1/new/issue_arbiter.sv:1]
INFO: [Synth 8-6155] done synthesizing module 'issue_arbiter' (14#1) [D:/UCLA_Master/ECE_189/OoO_RISC_V_CPU_DESIGN/OoO_RISC_V_CPU_DESIGN.srcs/sources_1/new/issue_arbiter.sv:1]
INFO: [Synth 8-6157] synthesizing module 'rob' [D:/UCLA_Master/ECE_189/OoO_RISC_V_CPU_DESIGN/OoO_RISC_V_CPU_DESIGN.srcs/sources_1/new/rob.sv:1]
WARNING: [Synth 8-5858] RAM entries_reg from Abstract Data Type (record/struct) for this pattern/configuration is not supported. This will most likely be implemented in registers
INFO: [Synth 8-6155] done synthesizing module 'rob' (15#1) [D:/UCLA_Master/ECE_189/OoO_RISC_V_CPU_DESIGN/OoO_RISC_V_CPU_DESIGN.srcs/sources_1/new/rob.sv:1]
INFO: [Synth 8-6155] done synthesizing module 'dispatch_stage' (16#1) [D:/UCLA_Master/ECE_189/OoO_RISC_V_CPU_DESIGN/OoO_RISC_V_CPU_DESIGN.srcs/sources_1/new/dispatch_stage.sv:1]
INFO: [Synth 8-6157] synthesizing module 'reg_file' [D:/UCLA_Master/ECE_189/OoO_RISC_V_CPU_DESIGN/OoO_RISC_V_CPU_DESIGN.srcs/sources_1/new/reg_file.sv:1]
INFO: [Synth 8-6155] done synthesizing module 'reg_file' (17#1) [D:/UCLA_Master/ECE_189/OoO_RISC_V_CPU_DESIGN/OoO_RISC_V_CPU_DESIGN.srcs/sources_1/new/reg_file.sv:1]
INFO: [Synth 8-6157] synthesizing module 'execution_stage' [D:/UCLA_Master/ECE_189/OoO_RISC_V_CPU_DESIGN/OoO_RISC_V_CPU_DESIGN.srcs/sources_1/new/execution_stage.sv:1]
	Parameter BR_RESOLVE_LAT bound to: 32'sb00000000000000000000000000000100 
INFO: [Synth 8-6157] synthesizing module 'alu' [D:/UCLA_Master/ECE_189/OoO_RISC_V_CPU_DESIGN/OoO_RISC_V_CPU_DESIGN.srcs/sources_1/new/alu.sv:1]
INFO: [Synth 8-294] found qualifier unique on case statement: implementing as parallel_case [D:/UCLA_Master/ECE_189/OoO_RISC_V_CPU_DESIGN/OoO_RISC_V_CPU_DESIGN.srcs/sources_1/new/alu.sv:15]
INFO: [Synth 8-6155] done synthesizing module 'alu' (18#1) [D:/UCLA_Master/ECE_189/OoO_RISC_V_CPU_DESIGN/OoO_RISC_V_CPU_DESIGN.srcs/sources_1/new/alu.sv:1]
INFO: [Synth 8-6157] synthesizing module 'lsu' [D:/UCLA_Master/ECE_189/OoO_RISC_V_CPU_DESIGN/OoO_RISC_V_CPU_DESIGN.srcs/sources_1/new/lsu.sv:1]
	Parameter MEM_WORDS bound to: 32'sb00000000000000000000000100000000 
	Parameter ADDR_W bound to: 32'sb00000000000000000000000000001000 
INFO: [Synth 8-294] found qualifier unique on case statement: implementing as parallel_case [D:/UCLA_Master/ECE_189/OoO_RISC_V_CPU_DESIGN/OoO_RISC_V_CPU_DESIGN.srcs/sources_1/new/lsu.sv:28]
INFO: [Synth 8-294] found qualifier unique on case statement: implementing as parallel_case [D:/UCLA_Master/ECE_189/OoO_RISC_V_CPU_DESIGN/OoO_RISC_V_CPU_DESIGN.srcs/sources_1/new/lsu.sv:39]
INFO: [Synth 8-294] found qualifier unique on case statement: implementing as parallel_case [D:/UCLA_Master/ECE_189/OoO_RISC_V_CPU_DESIGN/OoO_RISC_V_CPU_DESIGN.srcs/sources_1/new/lsu.sv:50]
INFO: [Synth 8-294] found qualifier unique on case statement: implementing as parallel_case [D:/UCLA_Master/ECE_189/OoO_RISC_V_CPU_DESIGN/OoO_RISC_V_CPU_DESIGN.srcs/sources_1/new/lsu.sv:53]
INFO: [Synth 8-6155] done synthesizing module 'lsu' (19#1) [D:/UCLA_Master/ECE_189/OoO_RISC_V_CPU_DESIGN/OoO_RISC_V_CPU_DESIGN.srcs/sources_1/new/lsu.sv:1]
INFO: [Synth 8-6157] synthesizing module 'branch_unit' [D:/UCLA_Master/ECE_189/OoO_RISC_V_CPU_DESIGN/OoO_RISC_V_CPU_DESIGN.srcs/sources_1/new/branch.sv:1]
INFO: [Synth 8-294] found qualifier unique on case statement: implementing as parallel_case [D:/UCLA_Master/ECE_189/OoO_RISC_V_CPU_DESIGN/OoO_RISC_V_CPU_DESIGN.srcs/sources_1/new/branch.sv:23]
INFO: [Synth 8-6155] done synthesizing module 'branch_unit' (20#1) [D:/UCLA_Master/ECE_189/OoO_RISC_V_CPU_DESIGN/OoO_RISC_V_CPU_DESIGN.srcs/sources_1/new/branch.sv:1]
INFO: [Synth 8-294] found qualifier unique on case statement: implementing as parallel_case [D:/UCLA_Master/ECE_189/OoO_RISC_V_CPU_DESIGN/OoO_RISC_V_CPU_DESIGN.srcs/sources_1/new/execution_stage.sv:249]
WARNING: [Synth 8-6014] Unused sequential element br_pipe_spec_mask_reg[2] was removed.  [D:/UCLA_Master/ECE_189/OoO_RISC_V_CPU_DESIGN/OoO_RISC_V_CPU_DESIGN.srcs/sources_1/new/execution_stage.sv:205]
WARNING: [Synth 8-6014] Unused sequential element br_pipe_spec_mask_reg[3] was removed.  [D:/UCLA_Master/ECE_189/OoO_RISC_V_CPU_DESIGN/OoO_RISC_V_CPU_DESIGN.srcs/sources_1/new/execution_stage.sv:205]
INFO: [Synth 8-6155] done synthesizing module 'execution_stage' (21#1) [D:/UCLA_Master/ECE_189/OoO_RISC_V_CPU_DESIGN/OoO_RISC_V_CPU_DESIGN.srcs/sources_1/new/execution_stage.sv:1]
INFO: [Synth 8-6155] done synthesizing module 'top' (22#1) [D:/UCLA_Master/ECE_189/OoO_RISC_V_CPU_DESIGN/OoO_RISC_V_CPU_DESIGN.srcs/sources_1/new/top.sv:1]
WARNING: [Synth 8-3331] design branch_unit has unconnected port datapath[src_reg_1p][6]
WARNING: [Synth 8-3331] design branch_unit has unconnected port datapath[src_reg_1p][5]
WARNING: [Synth 8-3331] design branch_unit has unconnected port datapath[src_reg_1p][4]
WARNING: [Synth 8-3331] design branch_unit has unconnected port datapath[src_reg_1p][3]
WARNING: [Synth 8-3331] design branch_unit has unconnected port datapath[src_reg_1p][2]
WARNING: [Synth 8-3331] design branch_unit has unconnected port datapath[src_reg_1p][1]
WARNING: [Synth 8-3331] design branch_unit has unconnected port datapath[src_reg_1p][0]
WARNING: [Synth 8-3331] design branch_unit has unconnected port datapath[src_reg_2p][6]
WARNING: [Synth 8-3331] design branch_unit has unconnected port datapath[src_reg_2p][5]
WARNING: [Synth 8-3331] design branch_unit has unconnected port datapath[src_reg_2p][4]
WARNING: [Synth 8-3331] design branch_unit has unconnected port datapath[src_reg_2p][3]
WARNING: [Synth 8-3331] design branch_unit has unconnected port datapath[src_reg_2p][2]
WARNING: [Synth 8-3331] design branch_unit has unconnected port datapath[src_reg_2p][1]
WARNING: [Synth 8-3331] design branch_unit has unconnected port datapath[src_reg_2p][0]
WARNING: [Synth 8-3331] design branch_unit has unconnected port datapath[new_des_preg][6]
WARNING: [Synth 8-3331] design branch_unit has unconnected port datapath[new_des_preg][5]
WARNING: [Synth 8-3331] design branch_unit has unconnected port datapath[new_des_preg][4]
WARNING: [Synth 8-3331] design branch_unit has unconnected port datapath[new_des_preg][3]
WARNING: [Synth 8-3331] design branch_unit has unconnected port datapath[new_des_preg][2]
WARNING: [Synth 8-3331] design branch_unit has unconnected port datapath[new_des_preg][1]
WARNING: [Synth 8-3331] design branch_unit has unconnected port datapath[new_des_preg][0]
WARNING: [Synth 8-3331] design branch_unit has unconnected port datapath[checkpoint_id][1]
WARNING: [Synth 8-3331] design branch_unit has unconnected port datapath[checkpoint_id][0]
WARNING: [Synth 8-3331] design branch_unit has unconnected port datapath[speculation_mask][3]
WARNING: [Synth 8-3331] design branch_unit has unconnected port datapath[speculation_mask][2]
WARNING: [Synth 8-3331] design branch_unit has unconnected port datapath[speculation_mask][1]
WARNING: [Synth 8-3331] design branch_unit has unconnected port datapath[speculation_mask][0]
WARNING: [Synth 8-3331] design branch_unit has unconnected port datapath[rob_tag][7]
WARNING: [Synth 8-3331] design branch_unit has unconnected port datapath[rob_tag][6]
WARNING: [Synth 8-3331] design branch_unit has unconnected port datapath[rob_tag][5]
WARNING: [Synth 8-3331] design branch_unit has unconnected port datapath[rob_tag][4]
WARNING: [Synth 8-3331] design branch_unit has unconnected port datapath[rob_tag][3]
WARNING: [Synth 8-3331] design branch_unit has unconnected port datapath[rob_tag][2]
WARNING: [Synth 8-3331] design branch_unit has unconnected port datapath[rob_tag][1]
WARNING: [Synth 8-3331] design branch_unit has unconnected port datapath[rob_tag][0]
WARNING: [Synth 8-3331] design branch_unit has unconnected port datapath[pred_taken]
WARNING: [Synth 8-3331] design branch_unit has unconnected port datapath[pred_target][31]
WARNING: [Synth 8-3331] design branch_unit has unconnected port datapath[pred_target][30]
WARNING: [Synth 8-3331] design branch_unit has unconnected port datapath[pred_target][29]
WARNING: [Synth 8-3331] design branch_unit has unconnected port datapath[pred_target][28]
WARNING: [Synth 8-3331] design branch_unit has unconnected port datapath[pred_target][27]
WARNING: [Synth 8-3331] design branch_unit has unconnected port datapath[pred_target][26]
WARNING: [Synth 8-3331] design branch_unit has unconnected port datapath[pred_target][25]
WARNING: [Synth 8-3331] design branch_unit has unconnected port datapath[pred_target][24]
WARNING: [Synth 8-3331] design branch_unit has unconnected port datapath[pred_target][23]
WARNING: [Synth 8-3331] design branch_unit has unconnected port datapath[pred_target][22]
WARNING: [Synth 8-3331] design branch_unit has unconnected port datapath[pred_target][21]
WARNING: [Synth 8-3331] design branch_unit has unconnected port datapath[pred_target][20]
WARNING: [Synth 8-3331] design branch_unit has unconnected port datapath[pred_target][19]
WARNING: [Synth 8-3331] design branch_unit has unconnected port datapath[pred_target][18]
WARNING: [Synth 8-3331] design branch_unit has unconnected port datapath[pred_target][17]
WARNING: [Synth 8-3331] design branch_unit has unconnected port datapath[pred_target][16]
WARNING: [Synth 8-3331] design branch_unit has unconnected port datapath[pred_target][15]
WARNING: [Synth 8-3331] design branch_unit has unconnected port datapath[pred_target][14]
WARNING: [Synth 8-3331] design branch_unit has unconnected port datapath[pred_target][13]
WARNING: [Synth 8-3331] design branch_unit has unconnected port datapath[pred_target][12]
WARNING: [Synth 8-3331] design branch_unit has unconnected port datapath[pred_target][11]
WARNING: [Synth 8-3331] design branch_unit has unconnected port datapath[pred_target][10]
WARNING: [Synth 8-3331] design branch_unit has unconnected port datapath[pred_target][9]
WARNING: [Synth 8-3331] design branch_unit has unconnected port datapath[pred_target][8]
WARNING: [Synth 8-3331] design branch_unit has unconnected port datapath[pred_target][7]
WARNING: [Synth 8-3331] design branch_unit has unconnected port datapath[pred_target][6]
WARNING: [Synth 8-3331] design branch_unit has unconnected port datapath[pred_target][5]
WARNING: [Synth 8-3331] design branch_unit has unconnected port datapath[pred_target][4]
WARNING: [Synth 8-3331] design branch_unit has unconnected port datapath[pred_target][3]
WARNING: [Synth 8-3331] design branch_unit has unconnected port datapath[pred_target][2]
WARNING: [Synth 8-3331] design branch_unit has unconnected port datapath[pred_target][1]
WARNING: [Synth 8-3331] design branch_unit has unconnected port datapath[pred_target][0]
WARNING: [Synth 8-3331] design lsu has unconnected port control_signal[reg_write]
WARNING: [Synth 8-3331] design lsu has unconnected port datapath[src_reg_1p][6]
WARNING: [Synth 8-3331] design lsu has unconnected port datapath[src_reg_1p][5]
WARNING: [Synth 8-3331] design lsu has unconnected port datapath[src_reg_1p][4]
WARNING: [Synth 8-3331] design lsu has unconnected port datapath[src_reg_1p][3]
WARNING: [Synth 8-3331] design lsu has unconnected port datapath[src_reg_1p][2]
WARNING: [Synth 8-3331] design lsu has unconnected port datapath[src_reg_1p][1]
WARNING: [Synth 8-3331] design lsu has unconnected port datapath[src_reg_1p][0]
WARNING: [Synth 8-3331] design lsu has unconnected port datapath[src_reg_2p][6]
WARNING: [Synth 8-3331] design lsu has unconnected port datapath[src_reg_2p][5]
WARNING: [Synth 8-3331] design lsu has unconnected port datapath[src_reg_2p][4]
WARNING: [Synth 8-3331] design lsu has unconnected port datapath[src_reg_2p][3]
WARNING: [Synth 8-3331] design lsu has unconnected port datapath[src_reg_2p][2]
WARNING: [Synth 8-3331] design lsu has unconnected port datapath[src_reg_2p][1]
WARNING: [Synth 8-3331] design lsu has unconnected port datapath[src_reg_2p][0]
WARNING: [Synth 8-3331] design lsu has unconnected port datapath[new_des_preg][6]
WARNING: [Synth 8-3331] design lsu has unconnected port datapath[new_des_preg][5]
WARNING: [Synth 8-3331] design lsu has unconnected port datapath[new_des_preg][4]
WARNING: [Synth 8-3331] design lsu has unconnected port datapath[new_des_preg][3]
WARNING: [Synth 8-3331] design lsu has unconnected port datapath[new_des_preg][2]
WARNING: [Synth 8-3331] design lsu has unconnected port datapath[new_des_preg][1]
WARNING: [Synth 8-3331] design lsu has unconnected port datapath[new_des_preg][0]
WARNING: [Synth 8-3331] design lsu has unconnected port datapath[checkpoint_id][1]
WARNING: [Synth 8-3331] design lsu has unconnected port datapath[checkpoint_id][0]
WARNING: [Synth 8-3331] design lsu has unconnected port datapath[speculation_mask][3]
WARNING: [Synth 8-3331] design lsu has unconnected port datapath[speculation_mask][2]
WARNING: [Synth 8-3331] design lsu has unconnected port datapath[speculation_mask][1]
WARNING: [Synth 8-3331] design lsu has unconnected port datapath[speculation_mask][0]
WARNING: [Synth 8-3331] design lsu has unconnected port datapath[src1_value][31]
WARNING: [Synth 8-3331] design lsu has unconnected port datapath[src1_value][30]
WARNING: [Synth 8-3331] design lsu has unconnected port datapath[src1_value][29]
WARNING: [Synth 8-3331] design lsu has unconnected port datapath[src1_value][28]
INFO: [Common 17-14] Message 'Synth 8-3331' appears 100 times and further instances of the messages will be disabled. Use the Tcl command set_msg_config to change the current settings.
---------------------------------------------------------------------------------
Finished Synthesize : Time (s): cpu = 00:00:11 ; elapsed = 00:00:11 . Memory (MB): peak = 1105.793 ; gain = 726.789
---------------------------------------------------------------------------------
---------------------------------------------------------------------------------
Finished Constraint Validation : Time (s): cpu = 00:00:12 ; elapsed = 00:00:13 . Memory (MB): peak = 1111.863 ; gain = 732.859
---------------------------------------------------------------------------------
INFO: [Synth 8-5580] Multithreading enabled for synth_design using a maximum of 2 processes.
---------------------------------------------------------------------------------
Start Loading Part and Timing Information
---------------------------------------------------------------------------------
Loading part: xcu250-figd2104-2L-e
INFO: [Synth 8-6742] Reading net delay rules and data
INFO: [Synth 8-5546] ROM "alu_op" won't be mapped to RAM because it is too sparse
INFO: [Synth 8-5544] ROM "alu_op" won't be mapped to Block RAM because address size (3) smaller than threshold (5)
INFO: [Synth 8-5587] ROM size for "fu_type" is below threshold of ROM address width. It will be mapped to LUTs
INFO: [Synth 8-5818] HDL ADVISOR - The operator resource <adder> is shared. To prevent sharing consider applying a KEEP on the output of the operator [D:/UCLA_Master/ECE_189/OoO_RISC_V_CPU_DESIGN/OoO_RISC_V_CPU_DESIGN.srcs/sources_1/new/rob.sv:146]
INFO: [Synth 8-4471] merging register 'branch_resolve_reg' into 'branch_complete_valid_reg' [D:/UCLA_Master/ECE_189/OoO_RISC_V_CPU_DESIGN/OoO_RISC_V_CPU_DESIGN.srcs/sources_1/new/execution_stage.sv:193]
---------------------------------------------------------------------------------
Finished RTL Optimization Phase 2 : Time (s): cpu = 00:00:50 ; elapsed = 00:00:51 . Memory (MB): peak = 2047.176 ; gain = 1668.172
---------------------------------------------------------------------------------

Report RTL Partitions: 
+------+-----------------+------------+----------+
|      |RTL Partition    |Replication |Instances |
+------+-----------------+------------+----------+
|1     |icache__GB0      |           1|     32768|
|2     |icache__GB1      |           1|      8800|
|3     |icache__GB2      |           1|     13920|
|4     |icache__GB3      |           1|     17440|
|5     |icache__GB4      |           1|     21760|
|6     |icache__GB5      |           1|     32160|
|7     |icache__GB6      |           1|     32000|
|8     |icache__GB7      |           1|     40505|
|9     |icache__GB8      |           1|     21578|
|10    |icache__GB9      |           1|     19941|
|11    |icache__GB10     |           1|     25082|
|12    |icache__GB11     |           1|     24669|
|13    |fetch_stage__GC0 |           1|     18856|
|14    |top__GCB0        |           1|     31963|
|15    |top__GCB1        |           1|     19330|
|16    |top__GCB2        |           1|     33658|
|17    |reg_file         |           1|     20327|
+------+-----------------+------------+----------+
No constraint files found.
---------------------------------------------------------------------------------
Start RTL Component Statistics 
---------------------------------------------------------------------------------
Detailed RTL Component Info : 
+---Adders : 
	   2 Input     32 Bit       Adders := 6     
	   3 Input     32 Bit       Adders := 1     
	   2 Input     10 Bit       Adders := 1     
	   2 Input      8 Bit       Adders := 1     
	   2 Input      7 Bit       Adders := 1     
	   2 Input      5 Bit       Adders := 16    
	  16 Input      5 Bit       Adders := 1     
	   2 Input      4 Bit       Adders := 17    
	   2 Input      2 Bit       Adders := 4     
+---Registers : 
	              128 Bit    Registers := 5     
	               32 Bit    Registers := 1671  
	               25 Bit    Registers := 32    
	               24 Bit    Registers := 64    
	                8 Bit    Registers := 50    
	                7 Bit    Registers := 270   
	                5 Bit    Registers := 21    
	                4 Bit    Registers := 57    
	                3 Bit    Registers := 20    
	                2 Bit    Registers := 114   
	                1 Bit    Registers := 492   
+---Muxes : 
	   2 Input    128 Bit        Muxes := 21    
	   4 Input    128 Bit        Muxes := 1     
	   2 Input     32 Bit        Muxes := 1395  
	   4 Input     32 Bit        Muxes := 1027  
	   6 Input     32 Bit        Muxes := 1     
	   3 Input     32 Bit        Muxes := 2     
	   2 Input      8 Bit        Muxes := 37    
	   4 Input      8 Bit        Muxes := 3     
	   2 Input      7 Bit        Muxes := 323   
	   4 Input      7 Bit        Muxes := 33    
	  97 Input      7 Bit        Muxes := 1     
	   2 Input      5 Bit        Muxes := 7     
	   9 Input      5 Bit        Muxes := 2     
	   2 Input      4 Bit        Muxes := 340   
	   4 Input      4 Bit        Muxes := 2     
	   9 Input      4 Bit        Muxes := 1     
	   2 Input      3 Bit        Muxes := 10    
	   6 Input      3 Bit        Muxes := 1     
	   8 Input      2 Bit        Muxes := 1     
	   2 Input      2 Bit        Muxes := 23    
	   4 Input      2 Bit        Muxes := 4     
	   3 Input      2 Bit        Muxes := 1     
	   9 Input      2 Bit        Muxes := 1     
	   2 Input      1 Bit        Muxes := 2141  
	   4 Input      1 Bit        Muxes := 7     
	  16 Input      1 Bit        Muxes := 2     
	   5 Input      1 Bit        Muxes := 1     
	   9 Input      1 Bit        Muxes := 7     
---------------------------------------------------------------------------------
Finished RTL Component Statistics 
---------------------------------------------------------------------------------
---------------------------------------------------------------------------------
Start RTL Hierarchical Component Statistics 
---------------------------------------------------------------------------------
Hierarchical RTL Component report 
Module top 
Detailed RTL Component Info : 
+---Registers : 
	                4 Bit    Registers := 1     
+---Muxes : 
	   2 Input      4 Bit        Muxes := 2     
Module icache 
Detailed RTL Component Info : 
+---Registers : 
	               32 Bit    Registers := 1024  
+---Muxes : 
	   2 Input     32 Bit        Muxes := 1025  
	   4 Input     32 Bit        Muxes := 1024  
	   2 Input      8 Bit        Muxes := 10    
Module pc_counter 
Detailed RTL Component Info : 
+---Muxes : 
	   2 Input     32 Bit        Muxes := 1     
Module fetch_stage 
Detailed RTL Component Info : 
+---Adders : 
	   2 Input     32 Bit       Adders := 1     
+---Registers : 
	               32 Bit    Registers := 97    
	               25 Bit    Registers := 32    
	               24 Bit    Registers := 64    
	                2 Bit    Registers := 64    
	                1 Bit    Registers := 100   
+---Muxes : 
	   2 Input     32 Bit        Muxes := 3     
	   8 Input      2 Bit        Muxes := 1     
	   2 Input      1 Bit        Muxes := 98    
	   4 Input      1 Bit        Muxes := 1     
Module reg_file 
Detailed RTL Component Info : 
+---Registers : 
	               32 Bit    Registers := 128   
	                1 Bit    Registers := 128   
+---Muxes : 
	   2 Input      1 Bit        Muxes := 512   
Module skid_buffer_pipe__parameterized1 
Detailed RTL Component Info : 
+---Registers : 
	               32 Bit    Registers := 6     
	                8 Bit    Registers := 2     
	                7 Bit    Registers := 5     
	                5 Bit    Registers := 1     
	                4 Bit    Registers := 3     
	                3 Bit    Registers := 2     
	                2 Bit    Registers := 3     
	                1 Bit    Registers := 15    
+---Muxes : 
	   2 Input     32 Bit        Muxes := 6     
	   2 Input      8 Bit        Muxes := 2     
	   2 Input      7 Bit        Muxes := 5     
	   2 Input      5 Bit        Muxes := 1     
	   2 Input      4 Bit        Muxes := 3     
	   2 Input      3 Bit        Muxes := 2     
	   2 Input      2 Bit        Muxes := 3     
	   2 Input      1 Bit        Muxes := 3     
Module dispatch_logic 
Detailed RTL Component Info : 
+---Muxes : 
	   2 Input      1 Bit        Muxes := 1     
Module rs 
Detailed RTL Component Info : 
+---Registers : 
	               32 Bit    Registers := 40    
	                8 Bit    Registers := 8     
	                7 Bit    Registers := 24    
	                4 Bit    Registers := 16    
	                2 Bit    Registers := 8     
	                1 Bit    Registers := 48    
+---Muxes : 
	   2 Input     32 Bit        Muxes := 71    
	   2 Input      8 Bit        Muxes := 1     
	   2 Input      7 Bit        Muxes := 3     
	   2 Input      4 Bit        Muxes := 58    
	   2 Input      2 Bit        Muxes := 1     
	   2 Input      1 Bit        Muxes := 258   
Module rs__parameterized0 
Detailed RTL Component Info : 
+---Registers : 
	               32 Bit    Registers := 40    
	                8 Bit    Registers := 8     
	                7 Bit    Registers := 24    
	                4 Bit    Registers := 8     
	                3 Bit    Registers := 8     
	                2 Bit    Registers := 8     
	                1 Bit    Registers := 56    
+---Muxes : 
	   2 Input     32 Bit        Muxes := 71    
	   2 Input      8 Bit        Muxes := 1     
	   2 Input      7 Bit        Muxes := 3     
	   2 Input      4 Bit        Muxes := 57    
	   2 Input      3 Bit        Muxes := 1     
	   2 Input      2 Bit        Muxes := 1     
	   2 Input      1 Bit        Muxes := 258   
Module rs__parameterized1 
Detailed RTL Component Info : 
+---Registers : 
	               32 Bit    Registers := 40    
	                8 Bit    Registers := 8     
	                7 Bit    Registers := 24    
	                4 Bit    Registers := 8     
	                3 Bit    Registers := 8     
	                2 Bit    Registers := 8     
	                1 Bit    Registers := 56    
+---Muxes : 
	   2 Input     32 Bit        Muxes := 71    
	   2 Input      8 Bit        Muxes := 1     
	   2 Input      7 Bit        Muxes := 3     
	   2 Input      4 Bit        Muxes := 57    
	   2 Input      3 Bit        Muxes := 1     
	   2 Input      2 Bit        Muxes := 1     
	   2 Input      1 Bit        Muxes := 258   
Module issue_arbiter 
Detailed RTL Component Info : 
+---Muxes : 
	   2 Input     32 Bit        Muxes := 15    
	   2 Input      8 Bit        Muxes := 3     
	   2 Input      7 Bit        Muxes := 9     
	   2 Input      4 Bit        Muxes := 5     
	   2 Input      3 Bit        Muxes := 4     
	   2 Input      2 Bit        Muxes := 3     
	   4 Input      2 Bit        Muxes := 2     
	   2 Input      1 Bit        Muxes := 4     
Module rob 
Detailed RTL Component Info : 
+---Adders : 
	   2 Input      5 Bit       Adders := 16    
	  16 Input      5 Bit       Adders := 1     
	   2 Input      4 Bit       Adders := 17    
+---Registers : 
	               32 Bit    Registers := 16    
	                8 Bit    Registers := 16    
	                7 Bit    Registers := 32    
	                5 Bit    Registers := 17    
	                4 Bit    Registers := 18    
	                2 Bit    Registers := 16    
	                1 Bit    Registers := 48    
+---Muxes : 
	   2 Input     32 Bit        Muxes := 81    
	   2 Input      8 Bit        Muxes := 1     
	   2 Input      7 Bit        Muxes := 2     
	   2 Input      5 Bit        Muxes := 3     
	   2 Input      4 Bit        Muxes := 150   
	   3 Input      2 Bit        Muxes := 1     
	   2 Input      2 Bit        Muxes := 1     
	   2 Input      1 Bit        Muxes := 387   
	  16 Input      1 Bit        Muxes := 2     
	   5 Input      1 Bit        Muxes := 1     
Module reg_alias_table 
Detailed RTL Component Info : 
+---Registers : 
	                7 Bit    Registers := 160   
+---Muxes : 
	   2 Input      7 Bit        Muxes := 293   
	   4 Input      7 Bit        Muxes := 32    
	   2 Input      1 Bit        Muxes := 64    
	   4 Input      1 Bit        Muxes := 4     
Module priority_decoder 
Detailed RTL Component Info : 
+---Muxes : 
	  97 Input      7 Bit        Muxes := 1     
Module free_pool 
Detailed RTL Component Info : 
+---Adders : 
	   2 Input      7 Bit       Adders := 1     
+---Registers : 
	              128 Bit    Registers := 5     
+---Muxes : 
	   2 Input    128 Bit        Muxes := 21    
	   4 Input    128 Bit        Muxes := 1     
Module rename_stage 
Detailed RTL Component Info : 
+---Adders : 
	   2 Input      8 Bit       Adders := 1     
	   2 Input      2 Bit       Adders := 4     
+---Registers : 
	                8 Bit    Registers := 1     
	                2 Bit    Registers := 1     
+---Muxes : 
	   2 Input      8 Bit        Muxes := 1     
	   2 Input      7 Bit        Muxes := 1     
	   2 Input      2 Bit        Muxes := 1     
	   2 Input      1 Bit        Muxes := 5     
Module skid_buffer_pipe__parameterized0 
Detailed RTL Component Info : 
+---Registers : 
	               32 Bit    Registers := 3     
	                5 Bit    Registers := 3     
	                4 Bit    Registers := 1     
	                3 Bit    Registers := 2     
	                2 Bit    Registers := 1     
	                1 Bit    Registers := 12    
+---Muxes : 
	   2 Input     32 Bit        Muxes := 3     
	   2 Input      5 Bit        Muxes := 3     
	   2 Input      4 Bit        Muxes := 1     
	   2 Input      3 Bit        Muxes := 2     
	   2 Input      2 Bit        Muxes := 1     
	   2 Input      1 Bit        Muxes := 3     
Module imm_gen 
Detailed RTL Component Info : 
+---Muxes : 
	   6 Input     32 Bit        Muxes := 1     
	   6 Input      3 Bit        Muxes := 1     
Module decode_controller 
Detailed RTL Component Info : 
+---Muxes : 
	   4 Input      4 Bit        Muxes := 2     
	   2 Input      4 Bit        Muxes := 1     
	   9 Input      4 Bit        Muxes := 1     
	   4 Input      2 Bit        Muxes := 2     
	   9 Input      2 Bit        Muxes := 1     
	   9 Input      1 Bit        Muxes := 7     
Module decode_stage 
Detailed RTL Component Info : 
+---Muxes : 
	   9 Input      5 Bit        Muxes := 2     
Module alu 
Detailed RTL Component Info : 
+---Adders : 
	   2 Input     32 Bit       Adders := 1     
	   3 Input     32 Bit       Adders := 1     
+---Muxes : 
	   2 Input     32 Bit        Muxes := 2     
Module lsu 
Detailed RTL Component Info : 
+---Adders : 
	   2 Input     10 Bit       Adders := 1     
+---Registers : 
	               32 Bit    Registers := 256   
+---Muxes : 
	   3 Input     32 Bit        Muxes := 2     
	   4 Input     32 Bit        Muxes := 1     
	   2 Input     32 Bit        Muxes := 3     
	   4 Input      8 Bit        Muxes := 1     
	   2 Input      1 Bit        Muxes := 256   
Module branch_unit 
Detailed RTL Component Info : 
+---Adders : 
	   2 Input     32 Bit       Adders := 3     
+---Muxes : 
	   2 Input     32 Bit        Muxes := 3     
	   2 Input      1 Bit        Muxes := 1     
Module execution_stage 
Detailed RTL Component Info : 
+---Adders : 
	   2 Input     32 Bit       Adders := 1     
+---Registers : 
	               32 Bit    Registers := 18    
	                8 Bit    Registers := 7     
	                7 Bit    Registers := 1     
	                4 Bit    Registers := 2     
	                2 Bit    Registers := 5     
	                1 Bit    Registers := 27    
+---Muxes : 
	   2 Input     32 Bit        Muxes := 37    
	   4 Input     32 Bit        Muxes := 2     
	   2 Input      8 Bit        Muxes := 17    
	   4 Input      8 Bit        Muxes := 2     
	   2 Input      7 Bit        Muxes := 4     
	   4 Input      7 Bit        Muxes := 1     
	   2 Input      4 Bit        Muxes := 6     
	   2 Input      2 Bit        Muxes := 11    
	   4 Input      1 Bit        Muxes := 2     
	   2 Input      1 Bit        Muxes := 30    
Module skid_buffer_pipe 
Detailed RTL Component Info : 
+---Registers : 
	               32 Bit    Registers := 3     
	                1 Bit    Registers := 2     
+---Muxes : 
	   2 Input     32 Bit        Muxes := 3     
	   2 Input      1 Bit        Muxes := 3     
---------------------------------------------------------------------------------
Finished RTL Hierarchical Component Statistics
---------------------------------------------------------------------------------
---------------------------------------------------------------------------------
Start Part Resource Summary
---------------------------------------------------------------------------------
Part Resources:
DSPs: 12288 (col length:96)
BRAMs: 5376 (col length: RAMB18 384 RAMB36 192)
---------------------------------------------------------------------------------
Finished Part Resource Summary
---------------------------------------------------------------------------------
No constraint files found.
---------------------------------------------------------------------------------
Start Cross Boundary and Area Optimization
---------------------------------------------------------------------------------
INFO: [Synth 8-5546] ROM "u_decode/u_decode_controller/alu_op" won't be mapped to RAM because it is too sparse
INFO: [Synth 8-5587] ROM size for "u_decode/u_decode_controller/fu_type" is below threshold of ROM address width. It will be mapped to LUTs
WARNING: [Synth 8-3917] design top__GCB1 has port pipe_rd\.data[rs_entry][src1_ready] driven by constant 0
WARNING: [Synth 8-3917] design top__GCB1 has port pipe_rd\.data[rs_entry][src2_ready] driven by constant 0
WARNING: [Synth 8-3917] design top__GCB1 has port pipe_rd\.data[rob_entry][datapath][complete] driven by constant 0
WARNING: [Synth 8-3917] design top__GCB1 has port out_if\.data[rob_entry][datapath][result][31] driven by constant 0
WARNING: [Synth 8-3917] design top__GCB1 has port out_if\.data[rob_entry][datapath][result][30] driven by constant 0
WARNING: [Synth 8-3917] design top__GCB1 has port out_if\.data[rob_entry][datapath][result][29] driven by constant 0
WARNING: [Synth 8-3917] design top__GCB1 has port out_if\.data[rob_entry][datapath][result][28] driven by constant 0
WARNING: [Synth 8-3917] design top__GCB1 has port out_if\.data[rob_entry][datapath][result][27] driven by constant 0
WARNING: [Synth 8-3917] design top__GCB1 has port out_if\.data[rob_entry][datapath][result][26] driven by constant 0
WARNING: [Synth 8-3917] design top__GCB1 has port out_if\.data[rob_entry][datapath][result][25] driven by constant 0
WARNING: [Synth 8-3917] design top__GCB1 has port out_if\.data[rob_entry][datapath][result][24] driven by constant 0
WARNING: [Synth 8-3917] design top__GCB1 has port out_if\.data[rob_entry][datapath][result][23] driven by constant 0
WARNING: [Synth 8-3917] design top__GCB1 has port out_if\.data[rob_entry][datapath][result][22] driven by constant 0
WARNING: [Synth 8-3917] design top__GCB1 has port out_if\.data[rob_entry][datapath][result][21] driven by constant 0
WARNING: [Synth 8-3917] design top__GCB1 has port out_if\.data[rob_entry][datapath][result][20] driven by constant 0
WARNING: [Synth 8-3917] design top__GCB1 has port out_if\.data[rob_entry][datapath][result][19] driven by constant 0
WARNING: [Synth 8-3917] design top__GCB1 has port out_if\.data[rob_entry][datapath][result][18] driven by constant 0
WARNING: [Synth 8-3917] design top__GCB1 has port out_if\.data[rob_entry][datapath][result][17] driven by constant 0
WARNING: [Synth 8-3917] design top__GCB1 has port out_if\.data[rob_entry][datapath][result][16] driven by constant 0
WARNING: [Synth 8-3917] design top__GCB1 has port out_if\.data[rob_entry][datapath][result][15] driven by constant 0
WARNING: [Synth 8-3917] design top__GCB1 has port out_if\.data[rob_entry][datapath][result][14] driven by constant 0
WARNING: [Synth 8-3917] design top__GCB1 has port out_if\.data[rob_entry][datapath][result][13] driven by constant 0
WARNING: [Synth 8-3917] design top__GCB1 has port out_if\.data[rob_entry][datapath][result][12] driven by constant 0
WARNING: [Synth 8-3917] design top__GCB1 has port out_if\.data[rob_entry][datapath][result][11] driven by constant 0
WARNING: [Synth 8-3917] design top__GCB1 has port out_if\.data[rob_entry][datapath][result][10] driven by constant 0
WARNING: [Synth 8-3917] design top__GCB1 has port out_if\.data[rob_entry][datapath][result][9] driven by constant 0
WARNING: [Synth 8-3917] design top__GCB1 has port out_if\.data[rob_entry][datapath][result][8] driven by constant 0
WARNING: [Synth 8-3917] design top__GCB1 has port out_if\.data[rob_entry][datapath][result][7] driven by constant 0
WARNING: [Synth 8-3917] design top__GCB1 has port out_if\.data[rob_entry][datapath][result][6] driven by constant 0
WARNING: [Synth 8-3917] design top__GCB1 has port out_if\.data[rob_entry][datapath][result][5] driven by constant 0
WARNING: [Synth 8-3917] design top__GCB1 has port out_if\.data[rob_entry][datapath][result][4] driven by constant 0
WARNING: [Synth 8-3917] design top__GCB1 has port out_if\.data[rob_entry][datapath][result][3] driven by constant 0
WARNING: [Synth 8-3917] design top__GCB1 has port out_if\.data[rob_entry][datapath][result][2] driven by constant 0
WARNING: [Synth 8-3917] design top__GCB1 has port out_if\.data[rob_entry][datapath][result][1] driven by constant 0
WARNING: [Synth 8-3917] design top__GCB1 has port out_if\.data[rob_entry][datapath][result][0] driven by constant 0
INFO: [Synth 8-3886] merging instance 'u_skid_dr/data_q_reg[control_signal][rob_control_signal][branch]' (FDCE) to 'u_skid_dr/data_q_reg[control_signal][rs_control_signal][branch_control_signal][branch]'
INFO: [Synth 8-3886] merging instance 'u_skid_dr/data_q_reg[control_signal][rs_control_signal][branch_control_signal][funct3][0]' (FDCE) to 'u_skid_dr/data_q_reg[control_signal][rs_control_signal][lsu_control_signal][funct3][0]'
INFO: [Synth 8-3886] merging instance 'u_skid_dr/data_q_reg[control_signal][rs_control_signal][branch_control_signal][funct3][1]' (FDCE) to 'u_skid_dr/data_q_reg[control_signal][rs_control_signal][lsu_control_signal][funct3][1]'
INFO: [Synth 8-3886] merging instance 'u_skid_dr/data_q_reg[control_signal][rs_control_signal][branch_control_signal][funct3][2]' (FDCE) to 'u_skid_dr/data_q_reg[control_signal][rs_control_signal][lsu_control_signal][funct3][2]'
INFO: [Synth 8-3886] merging instance 'u_skid_dr/data_q_reg[control_signal][rs_control_signal][lsu_control_signal][reg_write]' (FDCE) to 'u_skid_dr/data_q_reg[control_signal][rs_control_signal][alu_control_signal][reg_write]'
INFO: [Synth 8-3886] merging instance 'u_skid_dr/data_q_reg[control_signal][rs_control_signal][alu_control_signal][reg_write]' (FDCE) to 'u_skid_dr/data_q_reg[control_signal][rs_control_signal][rename]'
INFO: [Common 17-14] Message 'Synth 8-3331' appears 100 times and further instances of the messages will be disabled. Use the Tcl command set_msg_config to change the current settings.
INFO: [Synth 8-3886] merging instance 'u_execution/branch_complete_result_reg[0]' (FDC) to 'u_execution/branch_complete_result_reg[31]'
INFO: [Synth 8-3886] merging instance 'u_execution/branch_complete_result_reg[1]' (FDC) to 'u_execution/branch_complete_result_reg[31]'
INFO: [Synth 8-3886] merging instance 'u_execution/branch_complete_result_reg[2]' (FDC) to 'u_execution/branch_complete_result_reg[31]'
INFO: [Synth 8-3886] merging instance 'u_execution/branch_complete_result_reg[3]' (FDC) to 'u_execution/branch_complete_result_reg[31]'
INFO: [Synth 8-3886] merging instance 'u_execution/branch_complete_result_reg[4]' (FDC) to 'u_execution/branch_complete_result_reg[31]'
INFO: [Synth 8-3886] merging instance 'u_execution/branch_complete_result_reg[5]' (FDC) to 'u_execution/branch_complete_result_reg[31]'
INFO: [Synth 8-3886] merging instance 'u_execution/branch_complete_result_reg[6]' (FDC) to 'u_execution/branch_complete_result_reg[31]'
INFO: [Synth 8-3886] merging instance 'u_execution/branch_complete_result_reg[7]' (FDC) to 'u_execution/branch_complete_result_reg[31]'
INFO: [Synth 8-3886] merging instance 'u_execution/branch_complete_result_reg[8]' (FDC) to 'u_execution/branch_complete_result_reg[31]'
INFO: [Synth 8-3886] merging instance 'u_execution/branch_complete_result_reg[9]' (FDC) to 'u_execution/branch_complete_result_reg[31]'
INFO: [Synth 8-3886] merging instance 'u_execution/branch_complete_result_reg[10]' (FDC) to 'u_execution/branch_complete_result_reg[31]'
INFO: [Synth 8-3886] merging instance 'u_execution/branch_complete_result_reg[11]' (FDC) to 'u_execution/branch_complete_result_reg[31]'
INFO: [Synth 8-3886] merging instance 'u_execution/branch_complete_result_reg[12]' (FDC) to 'u_execution/branch_complete_result_reg[31]'
INFO: [Synth 8-3886] merging instance 'u_execution/branch_complete_result_reg[13]' (FDC) to 'u_execution/branch_complete_result_reg[31]'
INFO: [Synth 8-3886] merging instance 'u_execution/branch_complete_result_reg[14]' (FDC) to 'u_execution/branch_complete_result_reg[31]'
INFO: [Synth 8-3886] merging instance 'u_execution/branch_complete_result_reg[15]' (FDC) to 'u_execution/branch_complete_result_reg[31]'
INFO: [Synth 8-3886] merging instance 'u_execution/branch_complete_result_reg[16]' (FDC) to 'u_execution/branch_complete_result_reg[31]'
INFO: [Synth 8-3886] merging instance 'u_execution/branch_complete_result_reg[17]' (FDC) to 'u_execution/branch_complete_result_reg[31]'
INFO: [Synth 8-3886] merging instance 'u_execution/branch_complete_result_reg[18]' (FDC) to 'u_execution/branch_complete_result_reg[31]'
INFO: [Synth 8-3886] merging instance 'u_execution/branch_complete_result_reg[19]' (FDC) to 'u_execution/branch_complete_result_reg[31]'
INFO: [Synth 8-3886] merging instance 'u_execution/branch_complete_result_reg[20]' (FDC) to 'u_execution/branch_complete_result_reg[31]'
INFO: [Synth 8-3886] merging instance 'u_execution/branch_complete_result_reg[21]' (FDC) to 'u_execution/branch_complete_result_reg[31]'
INFO: [Synth 8-3886] merging instance 'u_execution/branch_complete_result_reg[22]' (FDC) to 'u_execution/branch_complete_result_reg[31]'
INFO: [Synth 8-3886] merging instance 'u_execution/branch_complete_result_reg[23]' (FDC) to 'u_execution/branch_complete_result_reg[31]'
INFO: [Synth 8-3886] merging instance 'u_execution/branch_complete_result_reg[24]' (FDC) to 'u_execution/branch_complete_result_reg[31]'
INFO: [Synth 8-3886] merging instance 'u_execution/branch_complete_result_reg[25]' (FDC) to 'u_execution/branch_complete_result_reg[31]'
INFO: [Synth 8-3886] merging instance 'u_execution/branch_complete_result_reg[26]' (FDC) to 'u_execution/branch_complete_result_reg[31]'
INFO: [Synth 8-3886] merging instance 'u_execution/branch_complete_result_reg[27]' (FDC) to 'u_execution/branch_complete_result_reg[31]'
INFO: [Synth 8-3886] merging instance 'u_execution/branch_complete_result_reg[28]' (FDC) to 'u_execution/branch_complete_result_reg[31]'
INFO: [Synth 8-3886] merging instance 'u_execution/branch_complete_result_reg[29]' (FDC) to 'u_execution/branch_complete_result_reg[31]'
INFO: [Synth 8-3886] merging instance 'u_execution/branch_complete_result_reg[30]' (FDC) to 'u_execution/branch_complete_result_reg[31]'
INFO: [Synth 8-3333] propagating constant 0 across sequential element (\u_execution/branch_complete_result_reg[31] )
---------------------------------------------------------------------------------
Finished Cross Boundary and Area Optimization : Time (s): cpu = 00:01:30 ; elapsed = 00:01:33 . Memory (MB): peak = 2083.039 ; gain = 1704.035
---------------------------------------------------------------------------------

Report RTL Partitions: 
+------+-----------------+------------+----------+
|      |RTL Partition    |Replication |Instances |
+------+-----------------+------------+----------+
|1     |icache__GB0      |           1|     32800|
|2     |icache__GB1      |           1|      8362|
|3     |icache__GB2      |           1|     10528|
|4     |icache__GB3      |           1|     13190|
|5     |icache__GB4      |           1|     16457|
|6     |icache__GB5      |           1|     24322|
|7     |icache__GB6      |           1|     24201|
|8     |icache__GB7      |           1|     14828|
|9     |icache__GB8      |           1|      1471|
|10    |icache__GB9      |           1|       320|
|11    |icache__GB10     |           1|       399|
|12    |icache__GB11     |           1|       394|
|13    |fetch_stage__GC0 |           1|     12765|
|14    |top__GCB0        |           1|     22483|
|15    |top__GCB1        |           1|      9960|
|16    |top__GCB2        |           1|     21512|
|17    |reg_file         |           1|     13193|
+------+-----------------+------------+----------+
No constraint files found.
---------------------------------------------------------------------------------
Start Timing Optimization
---------------------------------------------------------------------------------
INFO: [Synth 8-3886] merging instance 'i_0/u_skid_rd/data_q_reg[rob_entry][datapath][rob_tag][3]' (FDCE) to 'i_0/u_skid_rd/data_q_reg[rs_entry][datapath][rob_tag][3]'
INFO: [Synth 8-3886] merging instance 'i_0/u_skid_rd/data_q_reg[rob_entry][datapath][rob_tag][5]' (FDCE) to 'i_0/u_skid_rd/data_q_reg[rs_entry][datapath][rob_tag][5]'
INFO: [Synth 8-3886] merging instance 'i_0/u_skid_rd/data_q_reg[rob_entry][datapath][rob_tag][4]' (FDCE) to 'i_0/u_skid_rd/data_q_reg[rs_entry][datapath][rob_tag][4]'
INFO: [Synth 8-3886] merging instance 'i_0/u_skid_rd/data_q_reg[rob_entry][datapath][rob_tag][0]' (FDCE) to 'i_0/u_skid_rd/data_q_reg[rs_entry][datapath][rob_tag][0]'
INFO: [Synth 8-3886] merging instance 'i_0/u_skid_rd/data_q_reg[rob_entry][datapath][rob_tag][2]' (FDCE) to 'i_0/u_skid_rd/data_q_reg[rs_entry][datapath][rob_tag][2]'
INFO: [Synth 8-3886] merging instance 'i_0/u_skid_rd/data_q_reg[rob_entry][datapath][rob_tag][1]' (FDCE) to 'i_0/u_skid_rd/data_q_reg[rs_entry][datapath][rob_tag][1]'
INFO: [Synth 8-3886] merging instance 'i_0/u_skid_rd/data_q_reg[rob_entry][datapath][rob_tag][7]' (FDCE) to 'i_0/u_skid_rd/data_q_reg[rs_entry][datapath][rob_tag][7]'
INFO: [Synth 8-3886] merging instance 'i_0/u_skid_rd/data_q_reg[rob_entry][datapath][rob_tag][6]' (FDCE) to 'i_0/u_skid_rd/data_q_reg[rs_entry][datapath][rob_tag][6]'
INFO: [Synth 8-3886] merging instance 'i_0/u_skid_rd/data_q_reg[rob_entry][datapath][speculation_mask][1]' (FDCE) to 'i_0/u_skid_rd/data_q_reg[rs_entry][datapath][speculation_mask][1]'
INFO: [Synth 8-3886] merging instance 'i_0/u_skid_rd/data_q_reg[rob_entry][datapath][speculation_mask][0]' (FDCE) to 'i_0/u_skid_rd/data_q_reg[rs_entry][datapath][speculation_mask][0]'
INFO: [Synth 8-3886] merging instance 'i_0/u_skid_rd/data_q_reg[rob_entry][datapath][speculation_mask][3]' (FDCE) to 'i_0/u_skid_rd/data_q_reg[rs_entry][datapath][speculation_mask][3]'
INFO: [Synth 8-3886] merging instance 'i_0/u_skid_rd/data_q_reg[rob_entry][datapath][speculation_mask][2]' (FDCE) to 'i_0/u_skid_rd/data_q_reg[rs_entry][datapath][speculation_mask][2]'
INFO: [Synth 8-3886] merging instance 'i_0/u_skid_rd/data_q_reg[rob_entry][datapath][new_des_preg][5]' (FDCE) to 'i_0/u_skid_rd/data_q_reg[rs_entry][datapath][new_des_preg][5]'
INFO: [Synth 8-3886] merging instance 'i_0/u_skid_rd/data_q_reg[rob_entry][datapath][new_des_preg][6]' (FDCE) to 'i_0/u_skid_rd/data_q_reg[rs_entry][datapath][new_des_preg][6]'
INFO: [Synth 8-3886] merging instance 'i_0/u_skid_rd/data_q_reg[rob_entry][datapath][new_des_preg][4]' (FDCE) to 'i_0/u_skid_rd/data_q_reg[rs_entry][datapath][new_des_preg][4]'
INFO: [Synth 8-3886] merging instance 'i_0/u_skid_rd/data_q_reg[rob_entry][datapath][new_des_preg][3]' (FDCE) to 'i_0/u_skid_rd/data_q_reg[rs_entry][datapath][new_des_preg][3]'
INFO: [Synth 8-3886] merging instance 'i_0/u_skid_rd/data_q_reg[rob_entry][datapath][new_des_preg][2]' (FDCE) to 'i_0/u_skid_rd/data_q_reg[rs_entry][datapath][new_des_preg][2]'
INFO: [Synth 8-3886] merging instance 'i_0/u_skid_rd/data_q_reg[rob_entry][datapath][new_des_preg][1]' (FDCE) to 'i_0/u_skid_rd/data_q_reg[rs_entry][datapath][new_des_preg][1]'
INFO: [Synth 8-3886] merging instance 'i_0/u_skid_rd/data_q_reg[rob_entry][datapath][new_des_preg][0]' (FDCE) to 'i_0/u_skid_rd/data_q_reg[rs_entry][datapath][new_des_preg][0]'
INFO: [Synth 8-3333] propagating constant 0 across sequential element (\u_skid_rd/data_q_reg[rob_entry][datapath][complete] )
INFO: [Synth 8-3886] merging instance 'i_0/u_skid_rd/data_q_reg[rs_entry][control_signal][branch_control_signal][funct3][0]' (FDCE) to 'i_0/u_skid_rd/data_q_reg[rs_entry][control_signal][lsu_control_signal][funct3][0]'
INFO: [Synth 8-3886] merging instance 'i_0/u_skid_rd/data_q_reg[rs_entry][control_signal][branch_control_signal][funct3][1]' (FDCE) to 'i_0/u_skid_rd/data_q_reg[rs_entry][control_signal][lsu_control_signal][funct3][1]'
INFO: [Synth 8-3886] merging instance 'i_0/u_skid_rd/data_q_reg[rs_entry][control_signal][branch_control_signal][funct3][2]' (FDCE) to 'i_0/u_skid_rd/data_q_reg[rs_entry][control_signal][lsu_control_signal][funct3][2]'
INFO: [Synth 8-3886] merging instance 'i_0/u_skid_rd/data_q_reg[rs_entry][control_signal][alu_control_signal][reg_write]' (FDCE) to 'i_0/u_skid_rd/data_q_reg[rs_entry][control_signal][rename]'
---------------------------------------------------------------------------------
Finished Timing Optimization : Time (s): cpu = 00:01:36 ; elapsed = 00:01:39 . Memory (MB): peak = 2091.816 ; gain = 1712.812
---------------------------------------------------------------------------------

Report RTL Partitions: 
+------+-----------------+------------+----------+
|      |RTL Partition    |Replication |Instances |
+------+-----------------+------------+----------+
|1     |icache__GB0      |           1|     32800|
|2     |icache__GB1      |           1|      4127|
|3     |icache__GB2      |           1|      3829|
|4     |icache__GB3      |           1|      4797|
|5     |icache__GB4      |           1|      5985|
|6     |icache__GB5      |           1|      8845|
|7     |icache__GB6      |           1|      8801|
|8     |icache__GB7      |           1|      7726|
|9     |icache__GB8      |           1|      1471|
|10    |icache__GB9      |           1|       320|
|11    |icache__GB10     |           1|       399|
|12    |icache__GB11     |           1|       394|
|13    |fetch_stage__GC0 |           1|     12765|
|14    |top__GCB0        |           1|     21975|
|15    |top__GCB1        |           1|      9960|
|16    |top__GCB2        |           1|     21340|
|17    |reg_file         |           1|     13193|
+------+-----------------+------------+----------+
---------------------------------------------------------------------------------
Start Technology Mapping
---------------------------------------------------------------------------------
---------------------------------------------------------------------------------
Finished Technology Mapping : Time (s): cpu = 00:01:41 ; elapsed = 00:01:44 . Memory (MB): peak = 2091.816 ; gain = 1712.812
---------------------------------------------------------------------------------

Report RTL Partitions: 
+------+-----------------+------------+----------+
|      |RTL Partition    |Replication |Instances |
+------+-----------------+------------+----------+
|1     |icache__GB0      |           1|     15232|
|2     |icache__GB1      |           1|      1981|
|3     |icache__GB2      |           1|      3133|
|4     |icache__GB3      |           1|      3925|
|5     |icache__GB4      |           1|      4897|
|6     |icache__GB5      |           1|      7237|
|7     |icache__GB6      |           1|      7201|
|8     |icache__GB7      |           1|      7454|
|9     |icache__GB8      |           1|      1335|
|10    |icache__GB9      |           1|       236|
|11    |icache__GB10     |           1|       292|
|12    |icache__GB11     |           1|       289|
|13    |fetch_stage__GC0 |           1|      8851|
|14    |top__GCB0        |           1|     10527|
|15    |top__GCB1        |           1|      4644|
|16    |top__GCB2        |           1|     14393|
|17    |reg_file         |           1|      8405|
+------+-----------------+------------+----------+
---------------------------------------------------------------------------------
Start IO Insertion
---------------------------------------------------------------------------------
---------------------------------------------------------------------------------
Start Flattening Before IO Insertion
---------------------------------------------------------------------------------
---------------------------------------------------------------------------------
Finished Flattening Before IO Insertion
---------------------------------------------------------------------------------
---------------------------------------------------------------------------------
Start Final Netlist Cleanup
---------------------------------------------------------------------------------
---------------------------------------------------------------------------------
Finished Final Netlist Cleanup
---------------------------------------------------------------------------------
---------------------------------------------------------------------------------
Finished IO Insertion : Time (s): cpu = 00:01:47 ; elapsed = 00:01:51 . Memory (MB): peak = 2124.766 ; gain = 1745.762
---------------------------------------------------------------------------------

Report Check Netlist: 
+------+------------------+-------+---------+-------+------------------+
|      |Item              |Errors |Warnings |Status |Description       |
+------+------------------+-------+---------+-------+------------------+
|1     |multi_driven_nets |      0|        0|Passed |Multi driven nets |
+------+------------------+-------+---------+-------+------------------+
---------------------------------------------------------------------------------
Start Renaming Generated Instances
---------------------------------------------------------------------------------
---------------------------------------------------------------------------------
Finished Renaming Generated Instances : Time (s): cpu = 00:01:47 ; elapsed = 00:01:51 . Memory (MB): peak = 2124.766 ; gain = 1745.762
---------------------------------------------------------------------------------

Report RTL Partitions: 
+-+--------------+------------+----------+
| |RTL Partition |Replication |Instances |
+-+--------------+------------+----------+
+-+--------------+------------+----------+
---------------------------------------------------------------------------------
Start Rebuilding User Hierarchy
---------------------------------------------------------------------------------
---------------------------------------------------------------------------------
Finished Rebuilding User Hierarchy : Time (s): cpu = 00:01:49 ; elapsed = 00:01:53 . Memory (MB): peak = 2124.766 ; gain = 1745.762
---------------------------------------------------------------------------------
---------------------------------------------------------------------------------
Start Renaming Generated Ports
---------------------------------------------------------------------------------
---------------------------------------------------------------------------------
Finished Renaming Generated Ports : Time (s): cpu = 00:01:49 ; elapsed = 00:01:53 . Memory (MB): peak = 2124.766 ; gain = 1745.762
---------------------------------------------------------------------------------
---------------------------------------------------------------------------------
Start Handling Custom Attributes
---------------------------------------------------------------------------------
---------------------------------------------------------------------------------
Finished Handling Custom Attributes : Time (s): cpu = 00:01:50 ; elapsed = 00:01:54 . Memory (MB): peak = 2124.766 ; gain = 1745.762
---------------------------------------------------------------------------------
---------------------------------------------------------------------------------
Start Renaming Generated Nets
---------------------------------------------------------------------------------
---------------------------------------------------------------------------------
Finished Renaming Generated Nets : Time (s): cpu = 00:01:50 ; elapsed = 00:01:54 . Memory (MB): peak = 2124.766 ; gain = 1745.762
---------------------------------------------------------------------------------
---------------------------------------------------------------------------------
Start Writing Synthesis Report
---------------------------------------------------------------------------------

Report BlackBoxes: 
+-+--------------+----------+
| |BlackBox name |Instances |
+-+--------------+----------+
+-+--------------+----------+

Report Cell Usage: 
+------+-------+------+
|      |Cell   |Count |
+------+-------+------+
|1     |BUFG   |     1|
|2     |CARRY8 |    51|
|3     |LUT1   |     6|
|4     |LUT2   |   841|
|5     |LUT3   |   925|
|6     |LUT4   |  5016|
|7     |LUT5   |  2198|
|8     |LUT6   | 20981|
|9     |MUXF7  |  7850|
|10    |MUXF8  |  3527|
|11    |FDCE   | 57903|
|12    |FDPE   |  1071|
|13    |IBUF   |    23|
|14    |OBUF   |    74|
+------+-------+------+

Report Instance Areas: 
+------+-----------------+---------------------------------+-------+
|      |Instance         |Module                           |Cells  |
+------+-----------------+---------------------------------+-------+
|1     |top              |                                 | 100467|
|2     |  u_dispatch     |dispatch_stage                   |  11384|
|3     |    u_rob        |rob                              |   1148|
|4     |    u_rs_alu     |rs                               |   3110|
|5     |    u_rs_branch  |rs__parameterized1               |   3964|
|6     |    u_rs_lsu     |rs__parameterized0               |   3144|
|7     |  u_execution    |execution_stage                  |  14267|
|8     |    u_alu        |alu                              |     10|
|9     |    u_branch     |branch_unit                      |     14|
|10    |    u_lsu        |lsu                              |  12109|
|11    |  u_fetch        |fetch_stage                      |  61784|
|12    |    u_icache     |icache                           |  53204|
|13    |    u_pc_counter |pc_counter                       |   2849|
|14    |  u_prf          |reg_file                         |   8117|
|15    |  u_rename       |rename_stage                     |   3451|
|16    |    u_free_pool  |free_pool                        |   1292|
|17    |    u_rat        |reg_alias_table                  |   2129|
|18    |  u_skid_dr      |skid_buffer_pipe__parameterized0 |    641|
|19    |  u_skid_fd      |skid_buffer_pipe                 |    349|
|20    |  u_skid_rd      |skid_buffer_pipe__parameterized1 |    372|
+------+-----------------+---------------------------------+-------+
---------------------------------------------------------------------------------
Finished Writing Synthesis Report : Time (s): cpu = 00:01:50 ; elapsed = 00:01:54 . Memory (MB): peak = 2124.766 ; gain = 1745.762
---------------------------------------------------------------------------------
Synthesis finished with 0 errors, 0 critical warnings and 722 warnings.
Synthesis Optimization Runtime : Time (s): cpu = 00:01:50 ; elapsed = 00:01:55 . Memory (MB): peak = 2124.766 ; gain = 1745.762
Synthesis Optimization Complete : Time (s): cpu = 00:01:50 ; elapsed = 00:01:55 . Memory (MB): peak = 2124.766 ; gain = 1745.762
INFO: [Project 1-571] Translating synthesized netlist
INFO: [Netlist 29-17] Analyzing 11452 Unisim elements for replacement
INFO: [Netlist 29-28] Unisim Transformation completed in 0 CPU seconds
INFO: [Project 1-570] Preparing netlist for logic optimization
INFO: [Opt 31-138] Pushed 0 inverter(s) to 0 load pin(s).
Netlist sorting complete. Time (s): cpu = 00:00:00 ; elapsed = 00:00:00.010 . Memory (MB): peak = 2156.562 ; gain = 0.000
INFO: [Project 1-111] Unisim Transformation Summary:
  A total of 24 instances were transformed.
  BUFG => BUFGCE: 1 instances
  IBUF => IBUF (IBUFCTRL, INBUF): 23 instances

INFO: [Common 17-83] Releasing license: Synthesis
181 Infos, 145 Warnings, 0 Critical Warnings and 0 Errors encountered.
synth_design completed successfully
synth_design: Time (s): cpu = 00:02:13 ; elapsed = 00:02:19 . Memory (MB): peak = 2156.562 ; gain = 1802.410
Netlist sorting complete. Time (s): cpu = 00:00:00 ; elapsed = 00:00:00.015 . Memory (MB): peak = 2156.562 ; gain = 0.000
WARNING: [Constraints 18-5210] No constraints selected for write.
Resolution: This message can indicate that there are no constraints for the design, or it can indicate that the used_in flags are set such that the constraints are ignored. This later case is used when running synth_design to not write synthesis constraints to the resulting checkpoint. Instead, project constraints are read when the synthesized design is opened.
INFO: [Common 17-1381] The checkpoint 'D:/UCLA_Master/ECE_189/OoO_RISC_V_CPU_DESIGN/OoO_RISC_V_CPU_DESIGN.runs/synth_1/top.dcp' has been generated.
write_checkpoint: Time (s): cpu = 00:00:06 ; elapsed = 00:00:06 . Memory (MB): peak = 2156.562 ; gain = 0.000
INFO: [runtcl-4] Executing : report_utilization -file top_utilization_synth.rpt -pb top_utilization_synth.pb
INFO: [Common 17-206] Exiting Vivado at Fri Mar 20 11:06:38 2026...
